[2020-08-16T03:30:10.278] [WARN] http - ::1 - - "GET /index HTTP/1.1" 304 - "" "Mozilla/5.0 (Windows NT 10.0; Win64; x64) AppleWebKit/537.36 (KHTML, like Gecko) Chrome/84.0.4147.125 Safari/537.36"
[2020-08-16T04:00:08.401] [WARN] http - ::1 - - "GET /index HTTP/1.1" 304 - "" "Mozilla/5.0 (Windows NT 10.0; Win64; x64) AppleWebKit/537.36 (KHTML, like Gecko) Chrome/84.0.4147.125 Safari/537.36"
[2020-08-16T04:00:12.610] [WARN] http - ::1 - - "GET / HTTP/1.1" 304 - "" "Mozilla/5.0 (Windows NT 10.0; Win64; x64) AppleWebKit/537.36 (KHTML, like Gecko) Chrome/84.0.4147.125 Safari/537.36"
[2020-08-16T04:05:22.120] [WARN] http - ::1 - - "GET / HTTP/1.1" 304 - "" "Mozilla/5.0 (Windows NT 10.0; Win64; x64) AppleWebKit/537.36 (KHTML, like Gecko) Chrome/84.0.4147.125 Safari/537.36"
[2020-08-16T05:13:37.321] [WARN] http - ::1 - - "GET / HTTP/1.1" 500 1474 "" "Mozilla/5.0 (Windows NT 10.0; Win64; x64) AppleWebKit/537.36 (KHTML, like Gecko) Chrome/84.0.4147.125 Safari/537.36"
[2020-08-16T05:15:24.321] [WARN] http - ::1 - - "GET / HTTP/1.1" 500 1474 "" "Mozilla/5.0 (Windows NT 10.0; Win64; x64) AppleWebKit/537.36 (KHTML, like Gecko) Chrome/84.0.4147.125 Safari/537.36"
[2020-08-16T05:18:10.622] [WARN] http - ::1 - - "GET / HTTP/1.1" 500 232 "" "Mozilla/5.0 (Windows NT 10.0; Win64; x64) AppleWebKit/537.36 (KHTML, like Gecko) Chrome/84.0.4147.125 Safari/537.36"
[2020-08-16T05:18:26.551] [WARN] http - ::1 - - "GET / HTTP/1.1" 500 232 "" "Mozilla/5.0 (Windows NT 10.0; Win64; x64) AppleWebKit/537.36 (KHTML, like Gecko) Chrome/84.0.4147.125 Safari/537.36"
[2020-08-16T05:18:28.426] [WARN] http - ::1 - - "GET / HTTP/1.1" 500 232 "" "Mozilla/5.0 (Windows NT 10.0; Win64; x64) AppleWebKit/537.36 (KHTML, like Gecko) Chrome/84.0.4147.125 Safari/537.36"
[2020-08-16T05:18:29.308] [WARN] http - ::1 - - "GET / HTTP/1.1" 500 232 "" "Mozilla/5.0 (Windows NT 10.0; Win64; x64) AppleWebKit/537.36 (KHTML, like Gecko) Chrome/84.0.4147.125 Safari/537.36"
[2020-08-16T05:18:43.457] [WARN] http - ::1 - - "GET / HTTP/1.1" 500 232 "" "Mozilla/5.0 (Windows NT 10.0; Win64; x64) AppleWebKit/537.36 (KHTML, like Gecko) Chrome/84.0.4147.125 Safari/537.36"
[2020-08-16T05:25:36.179] [WARN] http - ::1 - - "GET / HTTP/1.1" 200 24 "" "Mozilla/5.0 (Windows NT 10.0; Win64; x64) AppleWebKit/537.36 (KHTML, like Gecko) Chrome/84.0.4147.125 Safari/537.36"
[2020-08-16T05:25:46.716] [WARN] http - ::1 - - "GET /index HTTP/1.1" 500 234 "" "Mozilla/5.0 (Windows NT 10.0; Win64; x64) AppleWebKit/537.36 (KHTML, like Gecko) Chrome/84.0.4147.125 Safari/537.36"
[2020-08-16T05:26:39.404] [WARN] http - ::1 - - "GET /index HTTP/1.1" 302 46 "" "Mozilla/5.0 (Windows NT 10.0; Win64; x64) AppleWebKit/537.36 (KHTML, like Gecko) Chrome/84.0.4147.125 Safari/537.36"
[2020-08-16T05:26:39.413] [WARN] http - ::1 - - "GET / HTTP/1.1" 304 - "" "Mozilla/5.0 (Windows NT 10.0; Win64; x64) AppleWebKit/537.36 (KHTML, like Gecko) Chrome/84.0.4147.125 Safari/537.36"
[2020-08-16T05:26:44.938] [WARN] http - ::1 - - "GET /index HTTP/1.1" 302 46 "" "Mozilla/5.0 (Windows NT 10.0; Win64; x64) AppleWebKit/537.36 (KHTML, like Gecko) Chrome/84.0.4147.125 Safari/537.36"
[2020-08-16T05:26:44.948] [WARN] http - ::1 - - "GET / HTTP/1.1" 304 - "" "Mozilla/5.0 (Windows NT 10.0; Win64; x64) AppleWebKit/537.36 (KHTML, like Gecko) Chrome/84.0.4147.125 Safari/537.36"
[2020-08-16T05:29:05.055] [WARN] http - ::1 - - "GET /index HTTP/1.1" 302 46 "" "Mozilla/5.0 (Windows NT 10.0; Win64; x64) AppleWebKit/537.36 (KHTML, like Gecko) Chrome/84.0.4147.125 Safari/537.36"
[2020-08-16T05:29:05.064] [WARN] http - ::1 - - "GET / HTTP/1.1" 304 - "" "Mozilla/5.0 (Windows NT 10.0; Win64; x64) AppleWebKit/537.36 (KHTML, like Gecko) Chrome/84.0.4147.125 Safari/537.36"
[2020-08-16T05:30:59.151] [WARN] http - ::1 - - "GET /index HTTP/1.1" 302 46 "" "Mozilla/5.0 (Windows NT 10.0; Win64; x64) AppleWebKit/537.36 (KHTML, like Gecko) Chrome/84.0.4147.125 Safari/537.36"
[2020-08-16T05:30:59.160] [WARN] http - ::1 - - "GET / HTTP/1.1" 304 - "" "Mozilla/5.0 (Windows NT 10.0; Win64; x64) AppleWebKit/537.36 (KHTML, like Gecko) Chrome/84.0.4147.125 Safari/537.36"
[2020-08-16T05:31:32.656] [WARN] http - ::1 - - "GET /index HTTP/1.1" 302 46 "" "Mozilla/5.0 (Windows NT 10.0; Win64; x64) AppleWebKit/537.36 (KHTML, like Gecko) Chrome/84.0.4147.125 Safari/537.36 Edg/84.0.522.59"
[2020-08-16T05:31:32.663] [WARN] http - ::1 - - "GET / HTTP/1.1" 200 24 "" "Mozilla/5.0 (Windows NT 10.0; Win64; x64) AppleWebKit/537.36 (KHTML, like Gecko) Chrome/84.0.4147.125 Safari/537.36 Edg/84.0.522.59"
[2020-08-16T05:32:29.252] [WARN] http - ::1 - - "GET /index HTTP/1.1" 200 65 "" "Mozilla/5.0 (Windows NT 10.0; Win64; x64) AppleWebKit/537.36 (KHTML, like Gecko) Chrome/84.0.4147.125 Safari/537.36"
