[2020-08-17T14:28:47.121] [WARN] http - ::1 - - "GET / HTTP/1.1" 200 24 "" "Mozilla/5.0 (Windows NT 10.0; Win64; x64) AppleWebKit/537.36 (KHTML, like Gecko) Chrome/84.0.4147.125 Safari/537.36"
[2020-08-17T14:28:47.234] [WARN] http - ::1 - - "GET /favicon.ico HTTP/1.1" 500 234 "http://localhost:4000/" "Mozilla/5.0 (Windows NT 10.0; Win64; x64) AppleWebKit/537.36 (KHTML, like Gecko) Chrome/84.0.4147.125 Safari/537.36"
[2020-08-17T14:33:49.286] [WARN] http - ::1 - - "GET / HTTP/1.1" 304 - "" "Mozilla/5.0 (Windows NT 10.0; Win64; x64) AppleWebKit/537.36 (KHTML, like Gecko) Chrome/84.0.4147.125 Safari/537.36"
[2020-08-17T14:33:49.340] [WARN] http - ::1 - - "GET /favicon.ico HTTP/1.1" 500 234 "http://localhost:4000/" "Mozilla/5.0 (Windows NT 10.0; Win64; x64) AppleWebKit/537.36 (KHTML, like Gecko) Chrome/84.0.4147.125 Safari/537.36"
[2020-08-17T14:33:54.679] [WARN] http - ::1 - - "GET /index HTTP/1.1" 200 398 "" "Mozilla/5.0 (Windows NT 10.0; Win64; x64) AppleWebKit/537.36 (KHTML, like Gecko) Chrome/84.0.4147.125 Safari/537.36"
[2020-08-17T14:33:54.750] [WARN] http - ::1 - - "GET /favicon.ico HTTP/1.1" 500 234 "http://localhost:4000/index" "Mozilla/5.0 (Windows NT 10.0; Win64; x64) AppleWebKit/537.36 (KHTML, like Gecko) Chrome/84.0.4147.125 Safari/537.36"
[2020-08-17T14:37:06.144] [WARN] http - ::1 - - "GET /indexs HTTP/1.1" 500 228 "" "Mozilla/5.0 (Windows NT 10.0; Win64; x64) AppleWebKit/537.36 (KHTML, like Gecko) Chrome/84.0.4147.125 Safari/537.36"
[2020-08-17T14:37:06.196] [WARN] http - ::1 - - "GET /favicon.ico HTTP/1.1" 500 228 "http://localhost:4000/indexs" "Mozilla/5.0 (Windows NT 10.0; Win64; x64) AppleWebKit/537.36 (KHTML, like Gecko) Chrome/84.0.4147.125 Safari/537.36"
[2020-08-17T14:43:19.055] [WARN] http - ::1 - - "OPTIONS /login HTTP/1.1" 500 228 "http://localhost:8081/" "Mozilla/5.0 (Windows NT 10.0; Win64; x64) AppleWebKit/537.36 (KHTML, like Gecko) Chrome/84.0.4147.125 Safari/537.36"
[2020-08-17T14:59:49.035] [WARN] http - ::1 - - "OPTIONS /login HTTP/1.1" 500 228 "http://localhost:8081/" "Mozilla/5.0 (Windows NT 10.0; Win64; x64) AppleWebKit/537.36 (KHTML, like Gecko) Chrome/84.0.4147.125 Safari/537.36"
[2020-08-17T15:05:40.565] [WARN] http - ::1 - - "POST / HTTP/1.1" 500 228 "http://localhost:8081/" "Mozilla/5.0 (Windows NT 10.0; Win64; x64) AppleWebKit/537.36 (KHTML, like Gecko) Chrome/84.0.4147.125 Safari/537.36"
[2020-08-17T15:06:01.800] [WARN] http - ::1 - - "POST / HTTP/1.1" 500 228 "http://localhost:8081/" "Mozilla/5.0 (Windows NT 10.0; Win64; x64) AppleWebKit/537.36 (KHTML, like Gecko) Chrome/84.0.4147.125 Safari/537.36"
[2020-08-17T15:06:20.399] [WARN] http - ::1 - - "POST / HTTP/1.1" 500 228 "http://localhost:8081/" "Mozilla/5.0 (Windows NT 10.0; Win64; x64) AppleWebKit/537.36 (KHTML, like Gecko) Chrome/84.0.4147.125 Safari/537.36"
[2020-08-17T15:25:59.975] [WARN] http - ::1 - - "POST / HTTP/1.1" 500 228 "http://localhost:8081/" "Mozilla/5.0 (Windows NT 10.0; Win64; x64) AppleWebKit/537.36 (KHTML, like Gecko) Chrome/84.0.4147.125 Safari/537.36"
[2020-08-17T15:48:49.604] [WARN] http - ::1 - - "POST / HTTP/1.1" 500 228 "http://localhost:8081/" "Mozilla/5.0 (Windows NT 10.0; Win64; x64) AppleWebKit/537.36 (KHTML, like Gecko) Chrome/84.0.4147.125 Safari/537.36"
[2020-08-17T15:50:53.077] [WARN] http - ::1 - - "POST / HTTP/1.1" 200 24 "http://localhost:8081/" "Mozilla/5.0 (Windows NT 10.0; Win64; x64) AppleWebKit/537.36 (KHTML, like Gecko) Chrome/84.0.4147.125 Safari/537.36"
[2020-08-17T15:54:38.998] [WARN] http - ::1 - - "POST /login HTTP/1.1" 200 46 "http://localhost:8081/" "Mozilla/5.0 (Windows NT 10.0; Win64; x64) AppleWebKit/537.36 (KHTML, like Gecko) Chrome/84.0.4147.125 Safari/537.36"
[2020-08-17T16:14:58.545] [WARN] http - ::1 - - "POST /login HTTP/1.1" 200 46 "http://localhost:8081/" "Mozilla/5.0 (Windows NT 10.0; Win64; x64) AppleWebKit/537.36 (KHTML, like Gecko) Chrome/84.0.4147.125 Safari/537.36"
[2020-08-17T16:24:48.743] [WARN] http - ::1 - - "POST /login HTTP/1.1" 500 228 "http://localhost:8081/" "Mozilla/5.0 (Windows NT 10.0; Win64; x64) AppleWebKit/537.36 (KHTML, like Gecko) Chrome/84.0.4147.125 Safari/537.36"
[2020-08-17T16:29:38.740] [WARN] http - ::1 - - "POST /login HTTP/1.1" 500 228 "http://localhost:8081/" "Mozilla/5.0 (Windows NT 10.0; Win64; x64) AppleWebKit/537.36 (KHTML, like Gecko) Chrome/84.0.4147.125 Safari/537.36"
[2020-08-17T16:32:14.229] [WARN] http - ::1 - - "POST /login HTTP/1.1" 500 228 "http://localhost:8081/" "Mozilla/5.0 (Windows NT 10.0; Win64; x64) AppleWebKit/537.36 (KHTML, like Gecko) Chrome/84.0.4147.125 Safari/537.36"
[2020-08-17T16:33:53.481] [WARN] http - ::1 - - "POST /login HTTP/1.1" 500 228 "http://localhost:8081/" "Mozilla/5.0 (Windows NT 10.0; Win64; x64) AppleWebKit/537.36 (KHTML, like Gecko) Chrome/84.0.4147.125 Safari/537.36"
